<?xml version="1.0" encoding="UTF-8"?>
<!-- Generated by org.testng.reporters.JUnitReportReporter -->
<testsuite skipped="0" hostname="LAPTOP-48AO7M1P" name="com.tutorialsninja.qa.testcases.RegisterTest" tests="4" failures="0" timestamp="2023-06-28T19:51:56 IST" time="41.587" errors="0">
  <testcase name="fillAllFields" time="12.879" classname="com.tutorialsninja.qa.testcases.RegisterTest"/>
  <system-out/>
  <testcase name="fillManatoryFields" time="9.402" classname="com.tutorialsninja.qa.testcases.RegisterTest"/>
  <system-out/>
  <testcase name="fillExistingUserEmail" time="10.119" classname="com.tutorialsninja.qa.testcases.RegisterTest"/>
  <system-out/>
  <testcase name="emptyAllField" time="9.187" classname="com.tutorialsninja.qa.testcases.RegisterTest"/>
  <system-out/>
</testsuite> <!-- com.tutorialsninja.qa.testcases.RegisterTest -->
