<?xml version="1.0" encoding="UTF-8"?>
<!-- Generated by org.testng.reporters.JUnitReportReporter -->
<testsuite skipped="0" hostname="LAPTOP-48AO7M1P" name="com.tutorialsninja.qa.testcases.LoginTest" tests="3" failures="0" timestamp="2023-06-28T19:51:56 IST" time="22.066" errors="0">
  <testcase name="verifyLoginWithValidCredentials" time="6.943" classname="com.tutorialsninja.qa.testcases.LoginTest"/>
  <system-out/>
  <testcase name="verifyLoginWithValidCredentials" time="8.306" classname="com.tutorialsninja.qa.testcases.LoginTest"/>
  <system-out/>
  <testcase name="verifyLoginWithValidCredentials" time="6.817" classname="com.tutorialsninja.qa.testcases.LoginTest"/>
  <system-out/>
</testsuite> <!-- com.tutorialsninja.qa.testcases.LoginTest -->
